<?xml version="1.0" encoding="UTF-8"?>
<!-- Generated by org.testng.reporters.JUnitReportReporter -->
<testsuite skipped="0" hostname="DESKTOP-DTKEM6G" name="org.dataprovider.Amazon1" tests="9" failures="0" timestamp="10 Feb 2022 10:11:46 GMT" time="324.775" errors="0">
  <testcase name="tc01" time="34.911" classname="org.dataprovider.Amazon1"/>
  <testcase name="tc01" time="46.082" classname="org.dataprovider.Amazon1"/>
  <testcase name="tc01" time="33.346" classname="org.dataprovider.Amazon1"/>
  <testcase name="tc01" time="32.344" classname="org.dataprovider.Amazon1"/>
  <testcase name="tc01" time="39.795" classname="org.dataprovider.Amazon1"/>
  <testcase name="tc01" time="31.129" classname="org.dataprovider.Amazon1"/>
  <testcase name="tc01" time="37.684" classname="org.dataprovider.Amazon1"/>
  <testcase name="tc01" time="36.592" classname="org.dataprovider.Amazon1"/>
  <testcase name="tc01" time="32.892" classname="org.dataprovider.Amazon1"/>
</testsuite> <!-- org.dataprovider.Amazon1 -->
